<?xml version="1.0" encoding="utf-8"?><testsuites name="pytest tests"><testsuite name="pytest" errors="0" failures="0" skipped="0" tests="27" time="30.797" timestamp="2026-04-26T21:15:35.943972+00:00" hostname="agent-env-18935445-0100-42ed-9a7f-ebcb9474506c"><testcase classname="tests.test_demo_sprint.TestDemoCheckEndpoint" name="test_demo_check_returns_200" time="0.639" /><testcase classname="tests.test_demo_sprint.TestDemoCheckEndpoint" name="test_demo_check_all_systems_ok" time="0.546" /><testcase classname="tests.test_demo_sprint.TestDemoCheckEndpoint" name="test_demo_check_demo_ready_true" time="0.588" /><testcase classname="tests.test_demo_sprint.TestDemoCheckEndpoint" name="test_demo_check_optional_systems" time="0.557" /><testcase classname="tests.test_demo_sprint.TestDemoCheckEndpoint" name="test_demo_check_languages_supported" time="0.535" /><testcase classname="tests.test_demo_sprint.TestEnrollmentNationalityFlow" name="test_manual_enrollment_asks_nationality_after_passport" time="7.521" /><testcase classname="tests.test_demo_sprint.TestEnrollmentNationalityFlow" name="test_nationality_stored_in_enrollment_data" time="10.106" /><testcase classname="tests.test_demo_sprint.TestEnrollmentNationalityFlow" name="test_profile_confirmation_state_reached" time="9.087" /><testcase classname="tests.test_demo_sprint.TestPremiumFormatting" name="test_flight_results_formatting_has_separators" time="0.011" /><testcase classname="tests.test_demo_sprint.TestPremiumFormatting" name="test_price_shows_eur_and_xof" time="0.000" /><testcase classname="tests.test_demo_sprint.TestPremiumFormatting" name="test_payment_menu_shows_celtiis_recommended" time="0.000" /><testcase classname="tests.test_demo_sprint.TestPremiumFormatting" name="test_payment_menu_shows_split_hint" time="0.000" /><testcase classname="tests.test_demo_sprint.TestPDFTicketGeneration" name="test_ticket_generation_creates_file" time="0.049" /><testcase classname="tests.test_demo_sprint.TestPDFTicketGeneration" name="test_ticket_has_travelioo_branding" time="0.000" /><testcase classname="tests.test_demo_sprint.TestGTTSVoiceResponses" name="test_gtts_generates_mp3" time="0.193" /><testcase classname="tests.test_demo_sprint.TestGTTSVoiceResponses" name="test_gtts_language_mapping" time="0.000" /><testcase classname="tests.test_demo_sprint.TestWhisperModule" name="test_whisper_convert_ogg_to_mp3_exists" time="0.122" /><testcase classname="tests.test_demo_sprint.TestWhisperModule" name="test_whisper_transcribe_audio_exists" time="0.000" /><testcase classname="tests.test_demo_sprint.TestWhisperModule" name="test_whisper_telegram_audio_download_exists" time="0.000" /><testcase classname="tests.test_demo_sprint.TestOCRMRZParser" name="test_mrz_parser_extracts_nationality" time="0.000" /><testcase classname="tests.test_demo_sprint.TestOCRMRZParser" name="test_mrz_parser_extracts_names" time="0.000" /><testcase classname="tests.test_demo_sprint.TestTelegramSupport" name="test_passport_scan_supports_telegram_prefix" time="0.384" /><testcase classname="tests.test_demo_sprint.TestTelegramSupport" name="test_whisper_supports_telegram_audio" time="0.358" /><testcase classname="tests.test_demo_sprint.TestConversationStates" name="test_enrolling_manual_nat_state_exists" time="0.000" /><testcase classname="tests.test_demo_sprint.TestConversationStates" name="test_enrolling_tp_manual_nat_state_exists" time="0.000" /><testcase classname="tests.test_demo_sprint.TestEnrollmentHandlers" name="test_handle_manual_nationality_exists" time="0.003" /><testcase classname="tests.test_demo_sprint.TestEnrollmentHandlers" name="test_send_profile_confirmation_includes_nationality" time="0.000" /></testsuite></testsuites>