<?xml version="1.0" encoding="utf-8"?><testsuites name="pytest tests"><testsuite name="pytest" errors="0" failures="2" skipped="0" tests="9" time="3.270" timestamp="2026-04-29T10:08:37.902175+00:00" hostname="agent-env-18935445-0100-42ed-9a7f-ebcb9474506c"><testcase classname="tests.test_demo_regression.TestWebchat" name="test_webchat_first_message_french" time="0.431" /><testcase classname="tests.test_demo_regression.TestWebchat" name="test_webchat_session_persists" time="0.153" /><testcase classname="tests.test_demo_regression.TestWhisperPipeline" name="test_whisper_module_imports_clean" time="0.385" /><testcase classname="tests.test_demo_regression.TestWhisperPipeline" name="test_openai_api_key_present" time="0.000" /><testcase classname="tests.test_demo_regression.TestWhisperPipeline" name="test_openai_client_initializes_cleanly" time="0.037" /><testcase classname="tests.test_demo_regression.TestWhisperPipeline" name="test_ffmpeg_available" time="0.001"><failure message="AssertionError: ffmpeg binary not found on PATH — OGG-&gt;MP3 conversion will fail&#10;assert None">tests/test_demo_regression.py:97: in test_ffmpeg_available
    assert path, "ffmpeg binary not found on PATH — OGG-&gt;MP3 conversion will fail"
E   AssertionError: ffmpeg binary not found on PATH — OGG-&gt;MP3 conversion will fail
E   assert None</failure></testcase><testcase classname="tests.test_demo_regression.TestWhisperPipeline" name="test_telegram_handler_dispatches_text" time="0.488"><failure message="AssertionError: simulate failed: 500 Internal Server Error&#10;assert 500 == 200&#10; +  where 500 = &lt;Response [500]&gt;.status_code">tests/test_demo_regression.py:106: in test_telegram_handler_dispatches_text
    assert r.status_code == 200, f"simulate failed: {r.status_code} {r.text[:300]}"
E   AssertionError: simulate failed: 500 Internal Server Error
E   assert 500 == 200
E    +  where 500 = &lt;Response [500]&gt;.status_code</failure></testcase><testcase classname="tests.test_demo_regression.TestWebhookSignature" name="test_get_webhook_verification_returns_challenge" time="0.044" /><testcase classname="tests.test_demo_regression.TestWebhookSignature" name="test_post_webhook_wrong_signature_returns_403_and_emits_sig_debug_log" time="1.540" /></testsuite></testsuites>