<?xml version="1.0" encoding="utf-8"?><testsuites name="pytest tests"><testsuite name="pytest" errors="0" failures="0" skipped="0" tests="23" time="34.564" timestamp="2026-04-10T21:23:31.489588+00:00" hostname="agent-env-18935445-0100-42ed-9a7f-ebcb9474506c"><testcase classname="backend.tests.test_fare_cancellation_v6.TestHealthAndBasics" name="test_health_endpoint" time="0.245" /><testcase classname="backend.tests.test_fare_cancellation_v6.TestHealthAndBasics" name="test_verify_endpoint_unknown" time="0.139" /><testcase classname="backend.tests.test_fare_cancellation_v6.TestPreDebitConfirmation" name="test_pre_debit_state_after_payment_method" time="5.944" /><testcase classname="backend.tests.test_fare_cancellation_v6.TestPreDebitConfirmation" name="test_pre_debit_option_1_confirms_payment" time="4.310" /><testcase classname="backend.tests.test_fare_cancellation_v6.TestPreDebitConfirmation" name="test_pre_debit_option_2_cancels_booking" time="4.218" /><testcase classname="backend.tests.test_fare_cancellation_v6.TestPreDebitConfirmation" name="test_pre_debit_option_3_shows_full_conditions" time="4.918" /><testcase classname="backend.tests.test_fare_cancellation_v6.TestFareConditionsStorage" name="test_fare_conditions_in_session" time="3.968" /><testcase classname="backend.tests.test_fare_cancellation_v6.TestCancellationFlow" name="test_cancellation_keyword_from_idle" time="1.395" /><testcase classname="backend.tests.test_fare_cancellation_v6.TestCancellationFlow" name="test_cancellation_no_bookings_message" time="1.410" /><testcase classname="backend.tests.test_fare_cancellation_v6.TestModificationFlow" name="test_modification_keyword_from_idle" time="1.409" /><testcase classname="backend.tests.test_fare_cancellation_v6.TestQRVerification" name="test_verify_valid_booking" time="0.102" /><testcase classname="backend.tests.test_fare_cancellation_v6.TestQRVerification" name="test_verify_unknown_booking" time="0.101" /><testcase classname="backend.tests.test_fare_cancellation_v6.TestMaskPhone" name="test_mask_phone_format" time="0.000" /><testcase classname="backend.tests.test_fare_cancellation_v6.TestEnrollmentStillWorks" name="test_new_user_enrollment_flow" time="0.677" /><testcase classname="backend.tests.test_fare_cancellation_v6.TestEnrollmentStillWorks" name="test_returning_user_skips_enrollment" time="0.937" /><testcase classname="backend.tests.test_fare_cancellation_v6.TestCompleteBookingFlow" name="test_complete_booking_with_pre_debit" time="4.704" /><testcase classname="backend.tests.test_fare_cancellation_v6.TestCancellationProcessingBlocks" name="test_cancellation_processing_state_exists" time="0.000" /><testcase classname="backend.tests.test_fare_cancellation_v6.TestRefundCalculation" name="test_travelio_fee_constant" time="0.000" /><testcase classname="backend.tests.test_fare_cancellation_v6.TestRefundCalculation" name="test_refund_cases_defined" time="0.000" /><testcase classname="backend.tests.test_fare_cancellation_v6.TestFareProfiles" name="test_fare_profiles_exist" time="0.000" /><testcase classname="backend.tests.test_fare_cancellation_v6.TestFareProfiles" name="test_budget_profile_non_refundable" time="0.000" /><testcase classname="backend.tests.test_fare_cancellation_v6.TestFareProfiles" name="test_standard_profile_partial_refund" time="0.000" /><testcase classname="backend.tests.test_fare_cancellation_v6.TestFareProfiles" name="test_flex_profile_full_refund" time="0.000" /></testsuite></testsuites>