<?xml version="1.0" encoding="utf-8"?><testsuites name="pytest tests"><testsuite name="pytest" errors="0" failures="0" skipped="0" tests="10" time="2.054" timestamp="2026-04-15T22:03:29.479123+00:00" hostname="agent-env-18935445-0100-42ed-9a7f-ebcb9474506c"><testcase classname="backend.tests.test_fare_alerts_scenarios.TestFareAlertSpecificScenarios" name="test_fare_drop_greater_than_10_percent_triggers_alert" time="0.465" /><testcase classname="backend.tests.test_fare_alerts_scenarios.TestFareAlertSpecificScenarios" name="test_fare_drop_less_than_10_percent_no_alert" time="0.142" /><testcase classname="backend.tests.test_fare_alerts_scenarios.TestFareAlertSpecificScenarios" name="test_rate_limit_max_1_alert_per_route_per_week" time="0.243" /><testcase classname="backend.tests.test_fare_alerts_scenarios.TestFareAlertSpecificScenarios" name="test_recurring_route_requires_2_plus_bookings" time="0.215" /><testcase classname="backend.tests.test_fare_alerts_scenarios.TestFareAlertSpecificScenarios" name="test_alert_stored_with_correct_fields" time="0.135" /><testcase classname="backend.tests.test_fare_alerts_scenarios.TestFareAlertSpecificScenarios" name="test_fare_cache_24h_ttl" time="0.288" /><testcase classname="backend.tests.test_fare_alerts_scenarios.TestFareAlertAPIResponses" name="test_routes_endpoint_response_structure" time="0.109" /><testcase classname="backend.tests.test_fare_alerts_scenarios.TestFareAlertAPIResponses" name="test_fare_endpoint_response_structure" time="0.118" /><testcase classname="backend.tests.test_fare_alerts_scenarios.TestFareAlertAPIResponses" name="test_check_endpoint_response_structure" time="0.120" /><testcase classname="backend.tests.test_fare_alerts_scenarios.TestFareAlertAPIResponses" name="test_history_endpoint_response_structure" time="0.129" /></testsuite></testsuites>