<?xml version="1.0" encoding="utf-8"?><testsuites name="pytest tests"><testsuite name="pytest" errors="0" failures="0" skipped="0" tests="18" time="3.120" timestamp="2026-04-15T22:02:07.782560+00:00" hostname="agent-env-18935445-0100-42ed-9a7f-ebcb9474506c"><testcase classname="backend.tests.test_fare_alerts.TestFareAlertsRouteAnalysis" name="test_get_recurring_routes_existing_user" time="0.276" /><testcase classname="backend.tests.test_fare_alerts.TestFareAlertsRouteAnalysis" name="test_get_recurring_routes_user_without_history" time="0.122" /><testcase classname="backend.tests.test_fare_alerts.TestFareAlertsRouteAnalysis" name="test_get_recurring_routes_nonexistent_user" time="0.118" /><testcase classname="backend.tests.test_fare_alerts.TestFareAlertsFareLookup" name="test_get_current_fare_valid_route" time="0.111" /><testcase classname="backend.tests.test_fare_alerts.TestFareAlertsFareLookup" name="test_get_current_fare_lowercase_codes" time="0.131" /><testcase classname="backend.tests.test_fare_alerts.TestFareAlertsFareLookup" name="test_get_current_fare_invalid_route" time="0.368" /><testcase classname="backend.tests.test_fare_alerts.TestFareAlertsCheckAndAlert" name="test_check_alerts_rate_limited_user" time="0.142" /><testcase classname="backend.tests.test_fare_alerts.TestFareAlertsCheckAndAlert" name="test_check_alerts_user_without_routes" time="0.145" /><testcase classname="backend.tests.test_fare_alerts.TestFareAlertsCheckAndAlert" name="test_check_alerts_nonexistent_user" time="0.123" /><testcase classname="backend.tests.test_fare_alerts.TestFareAlertsHistory" name="test_get_alert_history_existing_user" time="0.135" /><testcase classname="backend.tests.test_fare_alerts.TestFareAlertsHistory" name="test_get_alert_history_user_without_alerts" time="0.137" /><testcase classname="backend.tests.test_fare_alerts.TestFareAlertsHistory" name="test_get_alert_history_with_limit" time="0.168" /><testcase classname="backend.tests.test_fare_alerts.TestFareAlertThresholdLogic" name="test_threshold_calculation_verification" time="0.355" /><testcase classname="backend.tests.test_fare_alerts.TestFareCacheVerification" name="test_fare_cache_consistency" time="0.222" /><testcase classname="backend.tests.test_fare_alerts.TestFareAlertDataIntegrity" name="test_alert_stored_in_fare_alerts_collection" time="0.120" /><testcase classname="backend.tests.test_fare_alerts.TestFareAlertDataIntegrity" name="test_alert_route_format" time="0.124" /><testcase classname="backend.tests.test_fare_alerts.TestFareAlertEdgeCases" name="test_empty_phone_number" time="0.113" /><testcase classname="backend.tests.test_fare_alerts.TestFareAlertEdgeCases" name="test_special_characters_in_phone" time="0.104" /></testsuite></testsuites>