<?xml version="1.0" encoding="utf-8"?><testsuites name="pytest tests"><testsuite name="pytest" errors="0" failures="0" skipped="3" tests="17" time="106.997" timestamp="2026-04-15T21:32:36.643698+00:00" hostname="agent-env-18935445-0100-42ed-9a7f-ebcb9474506c"><testcase classname="tests.test_phase_b.TestHealthEndpoint" name="test_health_shows_telegram_status" time="0.221" /><testcase classname="tests.test_phase_b.TestFastTrack" name="test_returning_user_gets_fasttrack_state" time="10.871" /><testcase classname="tests.test_phase_b.TestFastTrack" name="test_fasttrack_accept_skips_to_payment_confirm" time="8.900" /><testcase classname="tests.test_phase_b.TestFastTrack" name="test_fasttrack_decline_shows_full_menu" time="8.738" /><testcase classname="tests.test_phase_b.TestFastTrack" name="test_new_user_gets_payment_method_directly" time="10.391" /><testcase classname="tests.test_phase_b.TestTelegramWebhook" name="test_telegram_webhook_processes_update" time="0.249" /><testcase classname="tests.test_phase_b.TestTelegramWebhook" name="test_telegram_start_command_maps_to_bonjour" time="0.349" /><testcase classname="tests.test_phase_b.TestTelegramWebhook" name="test_telegram_simulate_with_channel_param" time="0.358" /><testcase classname="tests.test_phase_b.TestTelegramWebhook" name="test_telegram_shadow_profile_links_telegram_id" time="0.376" /><testcase classname="tests.test_phase_b.TestSplitPayment" name="test_split_trigger_at_payment_method" time="20.347" /><testcase classname="tests.test_phase_b.TestSplitPayment" name="test_split_payer_count_validation" time="21.582" /><testcase classname="tests.test_phase_b.TestSplitPayment" name="test_split_reconciliation_fee_calculation" time="7.887"><skipped type="pytest.skip" message="Could not reach awaiting_payment_method state">/app/backend/tests/test_phase_b.py:424: Could not reach awaiting_payment_method state</skipped></testcase><testcase classname="tests.test_phase_b.TestSplitPayment" name="test_split_number_collection_and_validation" time="8.221"><skipped type="pytest.skip" message="Could not reach awaiting_payment_method state">/app/backend/tests/test_phase_b.py:443: Could not reach awaiting_payment_method state</skipped></testcase><testcase classname="tests.test_phase_b.TestSplitPayment" name="test_split_full_flow_to_confirmation" time="7.807"><skipped type="pytest.skip" message="Could not reach awaiting_payment_method state">/app/backend/tests/test_phase_b.py:471: Could not reach awaiting_payment_method state</skipped></testcase><testcase classname="tests.test_phase_b.TestSplitPaymentEdgeCases" name="test_split_recon_fee_2_payers" time="0.000" /><testcase classname="tests.test_phase_b.TestSplitPaymentEdgeCases" name="test_split_recon_fee_5_payers" time="0.000" /><testcase classname="tests.test_phase_b.TestTelegramFullFlow" name="test_telegram_full_flow_consent_to_enrollment" time="0.597" /></testsuite></testsuites>