<?xml version="1.0" encoding="utf-8"?><testsuites name="pytest tests"><testsuite name="pytest" errors="0" failures="0" skipped="0" tests="23" time="13.453" timestamp="2026-04-15T21:04:23.200156+00:00" hostname="agent-env-18935445-0100-42ed-9a7f-ebcb9474506c"><testcase classname="tests.test_phase_a_enterprise.TestHealthEndpoint" name="test_health_returns_healthy" time="0.205" /><testcase classname="tests.test_phase_a_enterprise.TestHealthEndpoint" name="test_health_has_payment_operators" time="0.111" /><testcase classname="tests.test_phase_a_enterprise.TestHealthEndpoint" name="test_health_has_environment_modes" time="0.129" /><testcase classname="tests.test_phase_a_enterprise.TestShadowProfileCreation" name="test_new_user_consent_creates_shadow_profile" time="0.723" /><testcase classname="tests.test_phase_a_enterprise.TestManualEnrollmentFlow" name="test_manual_enrollment_saves_passenger" time="1.805" /><testcase classname="tests.test_phase_a_enterprise.TestDynamicPricing" name="test_fee_under_200_eur" time="0.001" /><testcase classname="tests.test_phase_a_enterprise.TestDynamicPricing" name="test_fee_200_to_500_eur" time="0.000" /><testcase classname="tests.test_phase_a_enterprise.TestDynamicPricing" name="test_fee_over_500_eur" time="0.000" /><testcase classname="tests.test_phase_a_enterprise.TestDynamicPricing" name="test_fee_boundary_200" time="0.000" /><testcase classname="tests.test_phase_a_enterprise.TestPaymentDriverRouting" name="test_benin_gets_celtiis_first" time="0.054" /><testcase classname="tests.test_phase_a_enterprise.TestPaymentDriverRouting" name="test_senegal_gets_mtn_moov" time="0.000" /><testcase classname="tests.test_phase_a_enterprise.TestPaymentDriverRouting" name="test_france_gets_stripe" time="0.000" /><testcase classname="tests.test_phase_a_enterprise.TestPaymentDriverRouting" name="test_payment_menu_for_benin" time="0.000" /><testcase classname="tests.test_phase_a_enterprise.TestCeltiisDriverMock" name="test_celtiis_driver_is_mock" time="0.000" /><testcase classname="tests.test_phase_a_enterprise.TestCeltiisDriverMock" name="test_celtiis_initiate_mock" time="0.000" /><testcase classname="tests.test_phase_a_enterprise.TestCeltiisDriverMock" name="test_celtiis_check_status_mock" time="0.000" /><testcase classname="tests.test_phase_a_enterprise.TestFullBookingFlow" name="test_booking_flow_shows_celtiis_first_for_benin" time="9.029" /><testcase classname="tests.test_phase_a_enterprise.TestForceFailPayment" name="test_force_fail_endpoint" time="0.681" /><testcase classname="tests.test_phase_a_enterprise.TestOCRReboundCorrection" name="test_ocr_correction_state_exists" time="0.000" /><testcase classname="tests.test_phase_a_enterprise.TestOCRReboundCorrection" name="test_field_labels_exist" time="0.000" /><testcase classname="tests.test_phase_a_enterprise.TestSimulateEndpoint" name="test_simulate_missing_message" time="0.145" /><testcase classname="tests.test_phase_a_enterprise.TestSimulateEndpoint" name="test_simulate_returns_session_state" time="0.341" /><testcase classname="tests.test_phase_a_enterprise.TestBookingsEndpoint" name="test_get_bookings_empty" time="0.126" /></testsuite></testsuites>