<?xml version="1.0" encoding="utf-8"?><testsuites name="pytest tests"><testsuite name="pytest" errors="0" failures="0" skipped="0" tests="31" time="12.683" timestamp="2026-04-15T21:54:18.904123+00:00" hostname="agent-env-18935445-0100-42ed-9a7f-ebcb9474506c"><testcase classname="tests.test_phase_c.TestLanguageDetection" name="test_french_detection" time="0.006" /><testcase classname="tests.test_phase_c.TestLanguageDetection" name="test_english_detection" time="0.001" /><testcase classname="tests.test_phase_c.TestLanguageDetection" name="test_wolof_detection" time="0.000" /><testcase classname="tests.test_phase_c.TestLanguageDetection" name="test_fon_detection" time="0.000" /><testcase classname="tests.test_phase_c.TestLanguageDetection" name="test_yoruba_detection" time="0.000" /><testcase classname="tests.test_phase_c.TestLanguageDetection" name="test_hausa_detection" time="0.000" /><testcase classname="tests.test_phase_c.TestLanguageDetection" name="test_swahili_detection" time="0.000" /><testcase classname="tests.test_phase_c.TestLanguageDetection" name="test_unknown_defaults_to_french" time="0.000" /><testcase classname="tests.test_phase_c.TestTranslationPipeline" name="test_direct_languages_no_translation" time="0.000" /><testcase classname="tests.test_phase_c.TestTranslationPipeline" name="test_wolof_translation" time="3.027" /><testcase classname="tests.test_phase_c.TestTranslationPipeline" name="test_swahili_translation" time="1.164" /><testcase classname="tests.test_phase_c.TestHITLThresholds" name="test_low_confidence_triggers_review" time="0.076" /><testcase classname="tests.test_phase_c.TestHITLThresholds" name="test_high_value_triggers_review" time="0.000" /><testcase classname="tests.test_phase_c.TestHITLThresholds" name="test_combined_thresholds" time="0.000" /><testcase classname="tests.test_phase_c.TestHITLReviewAPI" name="test_trigger_and_get_review" time="0.005" /><testcase classname="tests.test_phase_c.TestHITLReviewAPI" name="test_get_reviews_api" time="0.221" /><testcase classname="tests.test_phase_c.TestHITLReviewAPI" name="test_resolve_review" time="0.003" /><testcase classname="tests.test_phase_c.TestHITLReviewAPI" name="test_resolve_review_api" time="0.128" /><testcase classname="tests.test_phase_c.TestDisruptionNotifications" name="test_delay_notification" time="0.258" /><testcase classname="tests.test_phase_c.TestDisruptionNotifications" name="test_gate_change_notification" time="0.199" /><testcase classname="tests.test_phase_c.TestDisruptionNotifications" name="test_schedule_change_notification" time="0.195" /><testcase classname="tests.test_phase_c.TestDisruptionNotifications" name="test_get_disruption_events" time="0.160" /><testcase classname="tests.test_phase_c.TestDisruptionNotifications" name="test_invalid_booking_ref" time="0.114" /><testcase classname="tests.test_phase_c.TestDisruptionNotifications" name="test_invalid_disruption_type" time="0.144" /><testcase classname="tests.test_phase_c.TestDisruptionNotifications" name="test_missing_booking_ref" time="0.114" /><testcase classname="tests.test_phase_c.TestDisruptionAutoActions" name="test_delay_over_2_hours_offers_rebooking" time="0.164" /><testcase classname="tests.test_phase_c.TestDisruptionAutoActions" name="test_cancellation_triggers_auto_refund" time="0.167" /><testcase classname="tests.test_phase_c.TestShadowProfileLanguage" name="test_language_detection_updates_shadow_profile" time="3.051" /><testcase classname="tests.test_phase_c.TestMultilingualConversationFlow" name="test_wolof_message_triggers_translation_pipeline" time="1.352" /><testcase classname="tests.test_phase_c.TestMultilingualConversationFlow" name="test_swahili_message_triggers_translation_pipeline" time="2.014" /><testcase classname="tests.test_phase_c.TestDisruptionEventsStorage" name="test_events_stored_in_booking_document" time="0.001" /></testsuite></testsuites>