<?xml version="1.0" encoding="utf-8"?><testsuites name="pytest tests"><testsuite name="pytest" errors="0" failures="0" skipped="0" tests="27" time="52.080" timestamp="2026-04-10T20:27:57.307454+00:00" hostname="agent-env-18935445-0100-42ed-9a7f-ebcb9474506c"><testcase classname="backend.tests.test_travelio_v5.TestHealthEndpoint" name="test_health_returns_200" time="0.146" /><testcase classname="backend.tests.test_travelio_v5.TestHealthEndpoint" name="test_health_has_payment_operators" time="0.122" /><testcase classname="backend.tests.test_travelio_v5.TestHealthEndpoint" name="test_health_has_integrations" time="0.159" /><testcase classname="backend.tests.test_travelio_v5.TestHealthEndpoint" name="test_health_version_and_type" time="0.149" /><testcase classname="backend.tests.test_travelio_v5.TestWhatsAppConversationFlow" name="test_welcome_message" time="0.134" /><testcase classname="backend.tests.test_travelio_v5.TestWhatsAppConversationFlow" name="test_travel_request_to_flight_selection" time="3.431" /><testcase classname="backend.tests.test_travelio_v5.TestWhatsAppConversationFlow" name="test_flight_selection_to_payment_method" time="2.027" /><testcase classname="backend.tests.test_travelio_v5.TestPaymentOperators" name="test_mtn_momo_payment_option_1" time="1.829" /><testcase classname="backend.tests.test_travelio_v5.TestPaymentOperators" name="test_moov_money_payment_option_2" time="1.978" /><testcase classname="backend.tests.test_travelio_v5.TestPaymentOperators" name="test_google_pay_payment_option_3" time="1.991" /><testcase classname="backend.tests.test_travelio_v5.TestPaymentOperators" name="test_apple_pay_payment_option_4" time="1.847" /><testcase classname="backend.tests.test_travelio_v5.TestFlightCategorization" name="test_flight_categories_returned" time="0.125" /><testcase classname="backend.tests.test_travelio_v5.TestFlightCategorization" name="test_plus_bas_is_cheapest" time="0.149" /><testcase classname="backend.tests.test_travelio_v5.TestFlightCategorization" name="test_plus_rapide_is_fastest" time="0.102" /><testcase classname="backend.tests.test_travelio_v5.TestBookingCreation" name="test_booking_ref_format" time="1.874" /><testcase classname="backend.tests.test_travelio_v5.TestPDFTicketGeneration" name="test_ticket_download_endpoint" time="0.117" /><testcase classname="backend.tests.test_travelio_v5.TestPDFTicketGeneration" name="test_complete_flow_generates_ticket" time="9.331" /><testcase classname="backend.tests.test_travelio_v5.TestPaymentPage" name="test_payment_page_returns_html_after_card_selection" time="1.798" /><testcase classname="backend.tests.test_travelio_v5.TestPaymentPage" name="test_payment_page_simulated_mode" time="0.106" /><testcase classname="backend.tests.test_travelio_v5.TestPaymentPage" name="test_payment_page_404_without_intent" time="0.121" /><testcase classname="backend.tests.test_travelio_v5.TestCancelFlow" name="test_annuler_cancels_booking" time="2.208" /><testcase classname="backend.tests.test_travelio_v5.TestPaymentRetryFlow" name="test_retry_options_after_failure" time="7.648" /><testcase classname="backend.tests.test_travelio_v5.TestPaymentRetryFlow" name="test_cancel_from_retry_state" time="7.016" /><testcase classname="backend.tests.test_travelio_v5.TestWhisperTranscription" name="test_transcribe_endpoint_exists" time="7.096" /><testcase classname="backend.tests.test_travelio_v5.TestWhisperTranscription" name="test_transcribe_with_ogg_file" time="0.272" /><testcase classname="backend.tests.test_travelio_v5.TestWebhookVerification" name="test_webhook_verification_success" time="0.101" /><testcase classname="backend.tests.test_travelio_v5.TestWebhookVerification" name="test_webhook_verification_failure" time="0.101" /></testsuite></testsuites>