<?xml version="1.0" encoding="utf-8"?><testsuites name="pytest tests"><testsuite name="pytest" errors="0" failures="0" skipped="0" tests="15" time="11.062" timestamp="2026-04-11T09:26:19.905089+00:00" hostname="agent-env-18935445-0100-42ed-9a7f-ebcb9474506c"><testcase classname="tests.test_travelioo_rename_v9.TestRenameVerification" name="test_root_endpoint_name" time="0.132" /><testcase classname="tests.test_travelioo_rename_v9.TestRenameVerification" name="test_root_endpoint_description_contains_travelioo" time="0.105" /><testcase classname="tests.test_travelioo_rename_v9.TestRenameVerification" name="test_health_endpoint_version" time="0.106" /><testcase classname="tests.test_travelioo_rename_v9.TestRenameVerification" name="test_legal_terms_contains_travelioo" time="0.104" /><testcase classname="tests.test_travelioo_rename_v9.TestRenameVerification" name="test_legal_privacy_contains_travelioo" time="0.120" /><testcase classname="tests.test_travelioo_rename_v9.TestWebhookVerification" name="test_webhook_verify_with_correct_token" time="0.099" /><testcase classname="tests.test_travelioo_rename_v9.TestWebhookVerification" name="test_webhook_verify_with_old_token_fails" time="0.106" /><testcase classname="tests.test_travelioo_rename_v9.TestWebhookVerification" name="test_webhook_verify_with_wrong_token_fails" time="0.099" /><testcase classname="tests.test_travelioo_rename_v9.TestConsentFlow" name="test_new_user_gets_consent_state" time="0.331" /><testcase classname="tests.test_travelioo_rename_v9.TestConsentFlow" name="test_consent_accept_transitions_to_enrollment" time="0.449" /><testcase classname="tests.test_travelioo_rename_v9.TestEnrollmentFlow" name="test_full_enrollment_manual_entry" time="0.956" /><testcase classname="tests.test_travelioo_rename_v9.TestBookingFlow" name="test_booking_flow_destination_date_selection" time="7.621" /><testcase classname="tests.test_travelioo_rename_v9.TestCancellationKeywords" name="test_remboursement_keyword_recognized" time="0.315" /><testcase classname="tests.test_travelioo_rename_v9.TestModificationKeywords" name="test_modifier_keyword_recognized" time="0.319" /><testcase classname="tests.test_travelioo_rename_v9.TestDatabaseName" name="test_health_endpoint_db_connected" time="0.100" /></testsuite></testsuites>