<?xml version="1.0" encoding="utf-8"?><testsuites name="pytest tests"><testsuite name="pytest" errors="0" failures="0" skipped="0" tests="19" time="5.944" timestamp="2026-04-10T23:34:48.337243+00:00" hostname="agent-env-18935445-0100-42ed-9a7f-ebcb9474506c"><testcase classname="tests.test_travelio_v71.TestHealthEndpointV71" name="test_health_version_71" time="0.211" /><testcase classname="tests.test_travelio_v71.TestHealthEndpointV71" name="test_health_webhook_security_field" time="0.143" /><testcase classname="tests.test_travelio_v71.TestHealthEndpointV71" name="test_health_environment_modes_field" time="0.108" /><testcase classname="tests.test_travelio_v71.TestHealthEndpointV71" name="test_health_payment_operators_with_modes" time="0.098" /><testcase classname="tests.test_travelio_v71.TestHealthEndpointV71" name="test_duffel_sandbox_mode" time="0.112" /><testcase classname="tests.test_travelio_v71.TestHealthEndpointV71" name="test_payment_operators_mock_mode" time="0.111" /><testcase classname="tests.test_travelio_v71.TestWebhookVerification" name="test_webhook_get_verification_success" time="0.108" /><testcase classname="tests.test_travelio_v71.TestWebhookVerification" name="test_webhook_get_verification_failure" time="0.120" /><testcase classname="tests.test_travelio_v71.TestWebhookSignatureVerification" name="test_webhook_post_without_secret_configured" time="0.110" /><testcase classname="tests.test_travelio_v71.TestGDPRConsentFlow" name="test_new_user_gets_consent_prompt" time="0.461" /><testcase classname="tests.test_travelio_v71.TestGDPRConsentFlow" name="test_consent_accept_goes_to_enrollment" time="1.058" /><testcase classname="tests.test_travelio_v71.TestGDPRConsentFlow" name="test_consent_reject_clears_session" time="1.079" /><testcase classname="tests.test_travelio_v71.TestReturningUserFlow" name="test_returning_user_skips_consent" time="0.557" /><testcase classname="tests.test_travelio_v71.TestQRCodeNoPassport" name="test_verify_qr_endpoint_exists" time="0.112" /><testcase classname="tests.test_travelio_v71.TestModificationFlow" name="test_modification_keyword_recognized" time="0.419" /><testcase classname="tests.test_travelio_v71.TestRootEndpoint" name="test_root_version_71" time="0.102" /><testcase classname="tests.test_travelio_v71.TestSimulateEndpoint" name="test_simulate_requires_message" time="0.128" /><testcase classname="tests.test_travelio_v71.TestSimulateEndpoint" name="test_simulate_returns_session_state" time="0.362" /><testcase classname="tests.test_travelio_v71.TestFullBookingFlowE2E" name="test_booking_flow_destination_step" time="0.445" /></testsuite></testsuites>