<?xml version="1.0" encoding="utf-8"?><testsuites name="pytest tests"><testsuite name="pytest" errors="0" failures="1" skipped="0" tests="21" time="87.417" timestamp="2026-04-10T22:04:50.622372+00:00" hostname="agent-env-18935445-0100-42ed-9a7f-ebcb9474506c"><testcase classname="tests.test_travelio_v7.TestHealthAndRoot" name="test_health_endpoint_returns_healthy" time="0.212" /><testcase classname="tests.test_travelio_v7.TestHealthAndRoot" name="test_root_endpoint_returns_version_7" time="0.112" /><testcase classname="tests.test_travelio_v7.TestLegalEndpoints" name="test_terms_of_service_returns_html" time="0.134" /><testcase classname="tests.test_travelio_v7.TestLegalEndpoints" name="test_privacy_policy_returns_html" time="0.157" /><testcase classname="tests.test_travelio_v7.TestFuzzyAirportRecognition" name="test_fuzzy_match_dacar_to_dss" time="4.304" /><testcase classname="tests.test_travelio_v7.TestFuzzyAirportRecognition" name="test_fuzzy_match_parris_to_cdg" time="2.634" /><testcase classname="tests.test_travelio_v7.TestFuzzyAirportRecognition" name="test_fuzzy_match_abijan_to_abj" time="2.692" /><testcase classname="tests.test_travelio_v7.TestDateParsing" name="test_date_parse_demain" time="2.985" /><testcase classname="tests.test_travelio_v7.TestDateParsing" name="test_date_parse_apres_demain" time="3.063" /><testcase classname="tests.test_travelio_v7.TestDateParsing" name="test_date_parse_iso_format" time="2.743" /><testcase classname="tests.test_travelio_v7.TestFullBookingFlow" name="test_complete_booking_flow" time="9.697" /><testcase classname="tests.test_travelio_v7.TestQRVerification" name="test_verify_qr_unknown_booking" time="0.104" /><testcase classname="tests.test_travelio_v7.TestQRVerification" name="test_verify_qr_existing_booking" time="0.414" /><testcase classname="tests.test_travelio_v7.TestSimulateEndpoint" name="test_simulate_requires_message" time="0.118" /><testcase classname="tests.test_travelio_v7.TestSimulateEndpoint" name="test_simulate_returns_session_state" time="0.229" /><testcase classname="tests.test_travelio_v7.TestSessionManagement" name="test_get_session" time="0.343" /><testcase classname="tests.test_travelio_v7.TestSessionManagement" name="test_delete_session" time="0.347" /><testcase classname="tests.test_travelio_v7.TestCancellationFlow" name="test_cancellation_keyword_from_idle" time="26.303"><failure message="AssertionError: assert 'enrolling_scan' in ['cancellation_identify', 'idle']&#10; +  where 'enrolling_scan' = &lt;built-in method get of dict object at 0xf835e12277c0&gt;('state')&#10; +    where &lt;built-in method get of dict object at 0xf835e12277c0&gt; = {'booking_id': None, 'booking_passenger_id': None, 'booking_ref': None, 'enrolling_for': 'self', ...}.get">tests/test_travelio_v7.py:529: in test_cancellation_keyword_from_idle
    assert session.get("state") in ["cancellation_identify", "idle"]
E   AssertionError: assert 'enrolling_scan' in ['cancellation_identify', 'idle']
E    +  where 'enrolling_scan' = &lt;built-in method get of dict object at 0xf835e12277c0&gt;('state')
E    +    where &lt;built-in method get of dict object at 0xf835e12277c0&gt; = {'booking_id': None, 'booking_passenger_id': None, 'booking_ref': None, 'enrolling_for': 'self', ...}.get</failure></testcase><testcase classname="tests.test_travelio_v7.TestModificationFlow" name="test_modification_keyword_from_idle" time="10.782" /><testcase classname="tests.test_travelio_v7.TestPaymentCallbacks" name="test_momo_callback" time="19.769" /><testcase classname="tests.test_travelio_v7.TestPaymentCallbacks" name="test_moov_callback" time="0.134" /></testsuite></testsuites>